<?xml version="1.0" encoding="UTF-8"?>
<coverage generated="1763244483870" clover="3.2.0">
  <project timestamp="1763244483870" name="All files">
    <metrics statements="123" coveredstatements="110" conditionals="46" coveredconditionals="35" methods="15" coveredmethods="14" elements="184" coveredelements="159" complexity="0" loc="123" ncloc="123" packages="1" files="1" classes="1"/>
    <file name="solicitar-turno.use-case.ts" path="C:\Users\franj\OneDrive\Desktop\Facultad\Seminario Integrador\ProyectoSeminario\ProyectoSeminario\backend\src\application\use-cases\modulo-turnos\solicitar-turno.use-case.ts">
      <metrics statements="123" coveredstatements="110" conditionals="46" coveredconditionals="35" methods="15" coveredmethods="14"/>
      <line num="1" count="2" type="stmt"/>
      <line num="3" count="2" type="stmt"/>
      <line num="6" count="2" type="stmt"/>
      <line num="7" count="2" type="stmt"/>
      <line num="8" count="2" type="stmt"/>
      <line num="9" count="2" type="stmt"/>
      <line num="11" count="2" type="stmt"/>
      <line num="12" count="2" type="stmt"/>
      <line num="13" count="2" type="stmt"/>
      <line num="14" count="2" type="stmt"/>
      <line num="15" count="2" type="stmt"/>
      <line num="18" count="2" type="stmt"/>
      <line num="19" count="2" type="stmt"/>
      <line num="20" count="2" type="stmt"/>
      <line num="23" count="2" type="stmt"/>
      <line num="25" count="2" type="stmt"/>
      <line num="27" count="22" type="stmt"/>
      <line num="28" count="22" type="stmt"/>
      <line num="33" count="8" type="stmt"/>
      <line num="48" count="8" type="cond" truecount="3" falsecount="0"/>
      <line num="49" count="2" type="stmt"/>
      <line num="52" count="6" type="stmt"/>
      <line num="53" count="7" type="stmt"/>
      <line num="56" count="6" type="stmt"/>
      <line num="58" count="6" type="stmt"/>
      <line num="59" count="5" type="stmt"/>
      <line num="60" count="5" type="stmt"/>
      <line num="61" count="5" type="stmt"/>
      <line num="62" count="5" type="stmt"/>
      <line num="63" count="5" type="stmt"/>
      <line num="64" count="5" type="stmt"/>
      <line num="65" count="5" type="stmt"/>
      <line num="67" count="5" type="stmt"/>
      <line num="68" count="5" type="stmt"/>
      <line num="69" count="4" type="cond" truecount="1" falsecount="0"/>
      <line num="70" count="4" type="stmt"/>
      <line num="71" count="4" type="stmt"/>
      <line num="74" count="5" type="stmt"/>
      <line num="75" count="5" type="stmt"/>
      <line num="78" count="6" type="stmt"/>
      <line num="82" count="6" type="stmt"/>
      <line num="93" count="6" type="cond" truecount="1" falsecount="0"/>
      <line num="94" count="1" type="stmt"/>
      <line num="97" count="5" type="cond" truecount="1" falsecount="1"/>
      <line num="99" count="4" type="cond" truecount="3" falsecount="0"/>
      <line num="104" count="4" type="stmt"/>
      <line num="105" count="4" type="cond" truecount="3" falsecount="0"/>
      <line num="106" count="2" type="stmt"/>
      <line num="107" count="2" type="stmt"/>
      <line num="110" count="5" type="stmt"/>
      <line num="112" count="5" type="stmt"/>
      <line num="113" count="2" type="cond" truecount="1" falsecount="0"/>
      <line num="114" count="2" type="stmt"/>
      <line num="115" count="2" type="stmt"/>
      <line num="116" count="2" type="stmt"/>
      <line num="117" count="2" type="stmt"/>
      <line num="118" count="2" type="stmt"/>
      <line num="119" count="2" type="stmt"/>
      <line num="123" count="5" type="stmt"/>
      <line num="128" count="6" type="stmt"/>
      <line num="129" count="6" type="stmt"/>
      <line num="131" count="6" type="stmt"/>
      <line num="145" count="6" type="cond" truecount="1" falsecount="0"/>
      <line num="146" count="1" type="stmt"/>
      <line num="149" count="5" type="stmt"/>
      <line num="150" count="5" type="stmt"/>
      <line num="151" count="5" type="stmt"/>
      <line num="152" count="5" type="stmt"/>
      <line num="154" count="5" type="stmt"/>
      <line num="155" count="5" type="cond" truecount="3" falsecount="0"/>
      <line num="156" count="5" type="stmt"/>
      <line num="157" count="4" type="cond" truecount="4" falsecount="0"/>
      <line num="158" count="4" type="stmt"/>
      <line num="159" count="4" type="stmt"/>
      <line num="160" count="4" type="stmt"/>
      <line num="162" count="4" type="stmt"/>
      <line num="163" count="3" type="cond" truecount="2" falsecount="0"/>
      <line num="166" count="4" type="stmt"/>
      <line num="167" count="3" type="stmt"/>
      <line num="169" count="3" type="stmt"/>
      <line num="170" count="4" type="stmt"/>
      <line num="172" count="4" type="stmt"/>
      <line num="174" count="5" type="cond" truecount="3" falsecount="0"/>
      <line num="175" count="3" type="stmt"/>
      <line num="182" count="3" type="stmt"/>
      <line num="186" count="4" type="stmt"/>
      <line num="192" count="4" type="stmt"/>
      <line num="195" count="3" type="stmt"/>
      <line num="203" count="3" type="stmt"/>
      <line num="210" count="5" type="cond" truecount="4" falsecount="0"/>
      <line num="211" count="1" type="stmt"/>
      <line num="214" count="4" type="stmt"/>
      <line num="226" count="4" type="stmt"/>
      <line num="230" count="0" type="stmt"/>
      <line num="240" count="0" type="cond" truecount="0" falsecount="8"/>
      <line num="241" count="0" type="stmt"/>
      <line num="244" count="0" type="stmt"/>
      <line num="254" count="0" type="stmt"/>
      <line num="255" count="0" type="stmt"/>
      <line num="256" count="0" type="stmt"/>
      <line num="257" count="0" type="stmt"/>
      <line num="258" count="0" type="stmt"/>
      <line num="259" count="0" type="stmt"/>
      <line num="260" count="0" type="stmt"/>
      <line num="262" count="0" type="stmt"/>
      <line num="264" count="0" type="stmt"/>
      <line num="270" count="3" type="stmt"/>
      <line num="275" count="3" type="cond" truecount="1" falsecount="1"/>
      <line num="276" count="3" type="stmt"/>
      <line num="279" count="3" type="stmt"/>
      <line num="280" count="3" type="stmt"/>
      <line num="284" count="3" type="stmt"/>
      <line num="290" count="3" type="stmt"/>
      <line num="301" count="3" type="stmt"/>
      <line num="302" count="3" type="cond" truecount="1" falsecount="0"/>
      <line num="305" count="2" type="stmt"/>
      <line num="308" count="2" type="stmt"/>
      <line num="309" count="2" type="cond" truecount="1" falsecount="1"/>
      <line num="310" count="2" type="stmt"/>
      <line num="313" count="2" type="stmt"/>
      <line num="314" count="2" type="cond" truecount="2" falsecount="0"/>
      <line num="315" count="2" type="stmt"/>
      <line num="317" count="2" type="stmt"/>
    </file>
  </project>
</coverage>
