TN:
SF:src\application\use-cases\modulo-turnos\solicitar-turno.use-case.ts
FN:26,(anonymous_2)
FN:31,(anonymous_3)
FN:52,(anonymous_4)
FN:53,(anonymous_5)
FN:81,(anonymous_6)
FN:98,(anonymous_7)
FN:103,(anonymous_8)
FN:105,(anonymous_9)
FN:106,(anonymous_10)
FN:107,(anonymous_11)
FN:126,(anonymous_12)
FN:162,(anonymous_13)
FN:229,(anonymous_14)
FN:268,(anonymous_15)
FN:288,(anonymous_16)
FNF:15
FNH:14
FNDA:22,(anonymous_2)
FNDA:8,(anonymous_3)
FNDA:7,(anonymous_4)
FNDA:6,(anonymous_5)
FNDA:6,(anonymous_6)
FNDA:4,(anonymous_7)
FNDA:4,(anonymous_8)
FNDA:4,(anonymous_9)
FNDA:2,(anonymous_10)
FNDA:2,(anonymous_11)
FNDA:6,(anonymous_12)
FNDA:3,(anonymous_13)
FNDA:0,(anonymous_14)
FNDA:3,(anonymous_15)
FNDA:3,(anonymous_16)
DA:1,2
DA:3,2
DA:6,2
DA:7,2
DA:8,2
DA:9,2
DA:11,2
DA:12,2
DA:13,2
DA:14,2
DA:15,2
DA:18,2
DA:19,2
DA:20,2
DA:23,2
DA:25,2
DA:27,22
DA:28,22
DA:33,8
DA:48,8
DA:49,2
DA:52,6
DA:53,7
DA:56,6
DA:58,6
DA:59,5
DA:60,5
DA:61,5
DA:62,5
DA:63,5
DA:64,5
DA:65,5
DA:67,5
DA:68,5
DA:69,4
DA:70,4
DA:71,4
DA:74,5
DA:75,5
DA:78,6
DA:82,6
DA:93,6
DA:94,1
DA:97,5
DA:99,4
DA:104,4
DA:105,4
DA:106,2
DA:107,2
DA:110,5
DA:112,5
DA:113,2
DA:114,2
DA:115,2
DA:116,2
DA:117,2
DA:118,2
DA:119,2
DA:123,5
DA:128,6
DA:129,6
DA:131,6
DA:145,6
DA:146,1
DA:149,5
DA:150,5
DA:151,5
DA:152,5
DA:154,5
DA:155,5
DA:156,5
DA:157,4
DA:158,4
DA:159,4
DA:160,4
DA:162,4
DA:163,3
DA:166,4
DA:167,3
DA:169,3
DA:170,4
DA:172,4
DA:174,5
DA:175,3
DA:182,3
DA:186,4
DA:192,4
DA:195,3
DA:203,3
DA:210,5
DA:211,1
DA:214,4
DA:226,4
DA:230,0
DA:240,0
DA:241,0
DA:244,0
DA:254,0
DA:255,0
DA:256,0
DA:257,0
DA:258,0
DA:259,0
DA:260,0
DA:262,0
DA:264,0
DA:270,3
DA:275,3
DA:276,3
DA:279,3
DA:280,3
DA:284,3
DA:290,3
DA:301,3
DA:302,3
DA:305,2
DA:308,2
DA:309,2
DA:310,2
DA:313,2
DA:314,2
DA:315,2
DA:317,2
LF:123
LH:110
BRDA:48,0,0,2
BRDA:48,1,0,8
BRDA:48,1,1,8
BRDA:69,2,0,4
BRDA:93,3,0,1
BRDA:97,4,0,5
BRDA:97,4,1,0
BRDA:99,5,0,4
BRDA:99,5,1,4
BRDA:99,5,2,4
BRDA:105,6,0,4
BRDA:105,6,1,2
BRDA:105,6,2,2
BRDA:113,7,0,2
BRDA:145,8,0,1
BRDA:155,9,0,5
BRDA:155,10,0,5
BRDA:155,10,1,5
BRDA:157,11,0,4
BRDA:157,12,0,4
BRDA:157,12,1,4
BRDA:157,12,2,4
BRDA:163,13,0,3
BRDA:163,13,1,3
BRDA:174,14,0,3
BRDA:174,15,0,5
BRDA:174,15,1,3
BRDA:210,16,0,1
BRDA:210,17,0,5
BRDA:210,17,1,4
BRDA:210,17,2,4
BRDA:240,18,0,0
BRDA:240,19,0,0
BRDA:240,19,1,0
BRDA:240,19,2,0
BRDA:240,19,3,0
BRDA:240,19,4,0
BRDA:240,19,5,0
BRDA:240,19,6,0
BRDA:275,20,0,3
BRDA:275,20,1,0
BRDA:302,21,0,1
BRDA:309,22,0,2
BRDA:309,22,1,0
BRDA:314,23,0,1
BRDA:314,23,1,1
BRF:46
BRH:35
end_of_record
